TN:
SF:src/api/axiosInstance.js
FN:10,(anonymous_0)
FN:17,(anonymous_1)
FNF:2
FNH:0
FNDA:0,(anonymous_0)
FNDA:0,(anonymous_1)
DA:3,3
DA:5,3
DA:9,3
DA:11,0
DA:12,0
DA:13,0
DA:15,0
DA:18,0
LF:8
LH:3
BRDA:12,0,0,0
BRDA:12,0,1,0
BRF:2
BRH:0
end_of_record
TN:
SF:src/components/GoogleLoginButton.jsx
FN:6,(anonymous_0)
FN:10,(anonymous_1)
FN:25,(anonymous_2)
FNF:3
FNH:3
FNDA:2,(anonymous_0)
FNDA:2,(anonymous_1)
FNDA:1,(anonymous_2)
DA:6,1
DA:7,2
DA:8,2
DA:10,2
DA:11,2
DA:12,2
DA:18,2
DA:25,2
DA:26,1
DA:28,1
DA:30,1
DA:35,1
DA:37,1
DA:39,1
DA:40,0
DA:42,1
DA:45,0
DA:49,0
DA:53,2
LF:19
LH:16
BRDA:11,0,0,2
BRDA:11,0,1,0
BRDA:39,1,0,0
BRDA:39,1,1,1
BRDA:47,2,0,0
BRDA:47,2,1,0
BRF:6
BRH:2
end_of_record
TN:
SF:src/components/PrivateRoute.jsx
FN:5,(anonymous_0)
FNF:1
FNH:1
FNDA:2,(anonymous_0)
DA:5,1
DA:6,2
DA:7,2
LF:3
LH:3
BRDA:7,0,0,1
BRDA:7,0,1,1
BRF:2
BRH:2
end_of_record
TN:
SF:src/context/AuthContext.jsx
FN:8,(anonymous_0)
FN:13,(anonymous_1)
FN:14,(anonymous_2)
FN:38,(anonymous_3)
FN:43,(anonymous_4)
FNF:5
FNH:5
FNDA:12,(anonymous_0)
FNDA:6,(anonymous_1)
FNDA:6,(anonymous_2)
FNDA:7,(anonymous_3)
FNDA:2,(anonymous_4)
DA:4,3
DA:6,3
DA:8,3
DA:9,12
DA:10,12
DA:11,12
DA:13,12
DA:14,6
DA:15,6
DA:16,2
DA:17,2
DA:22,2
DA:24,1
DA:25,1
DA:26,1
DA:27,1
DA:30,4
DA:32,6
DA:35,6
DA:38,12
DA:39,7
DA:40,7
DA:43,12
DA:44,2
DA:45,2
DA:46,2
DA:49,12
LF:27
LH:27
BRDA:15,0,0,2
BRDA:15,0,1,4
BRF:2
BRH:2
end_of_record
